生成启动时间为 2022/11/1 19:28:56。
     1>项目“D:\a_vs_workspace\MFC_DLL_demo\MFC_DLL_demo\MFC_DLL_demo.vcxproj”在节点 2 上(rebuild 个目标)。
     1>_PrepareForClean:
         正在删除文件“Debug\MFC_DLL_demo.lastbuildstate”。
       InitializeBuildStatus:
         正在创建“Debug\MFC_DLL_demo.unsuccessfulbuild”，因为已指定“AlwaysCreate”。
       ClCompile:
         D:\App\VS2010\VC\bin\CL.exe /c /I"D:\App\opencv-2.4.13.7\build\install\include" /ZI /nologo /W3 /WX- /Od /Oy- /D WIN32 /D _WINDOWS /D _DEBUG /D _USRDLL /D _WINDLL /D _UNICODE /D UNICODE /Gm /EHsc /RTC1 /MTd /GS /fp:precise /Zc:wchar_t /Zc:forScope /Yc"StdAfx.h" /Fp"Debug\MFC_DLL_demo.pch" /Fo"Debug\\" /Fd"Debug\vc100.pdb" /Gd /TP /analyze- /errorReport:prompt stdafx.cpp
         stdafx.cpp
         D:\App\VS2010\VC\bin\CL.exe /c /I"D:\App\opencv-2.4.13.7\build\install\include" /ZI /nologo /W3 /WX- /Od /Oy- /D WIN32 /D _WINDOWS /D _DEBUG /D _USRDLL /D _WINDLL /D _UNICODE /D UNICODE /Gm /EHsc /RTC1 /MTd /GS /fp:precise /Zc:wchar_t /Zc:forScope /Yu"StdAfx.h" /Fp"Debug\MFC_DLL_demo.pch" /Fo"Debug\\" /Fd"Debug\vc100.pdb" /Gd /TP /analyze- /errorReport:prompt MFC_DLL_demo.cpp Video_thread.cpp
         Video_thread.cpp
     1>d:\a_vs_workspace\mfc_dll_demo\mfc_dll_demo\video_thread.h(44): warning C4251: “videoThread::capture”: class“cv::VideoCapture”需要有 dll 接口由 class“videoThread”的客户端使用
                 d:\app\opencv-2.4.13.7\build\install\include\opencv2\highgui\highgui.hpp(205) : 参见“cv::VideoCapture”的声明
     1>d:\a_vs_workspace\mfc_dll_demo\mfc_dll_demo\video_thread.h(45): warning C4251: “videoThread::frame”: class“cv::Mat”需要有 dll 接口由 class“videoThread”的客户端使用
                 d:\app\opencv-2.4.13.7\build\install\include\opencv2\core\core.hpp(1713) : 参见“cv::Mat”的声明
     1>d:\a_vs_workspace\mfc_dll_demo\mfc_dll_demo\video_thread.h(46): warning C4251: “videoThread::outputFrame”: class“cv::Mat”需要有 dll 接口由 class“videoThread”的客户端使用
                 d:\app\opencv-2.4.13.7\build\install\include\opencv2\core\core.hpp(1713) : 参见“cv::Mat”的声明
         MFC_DLL_demo.cpp
     1>d:\a_vs_workspace\mfc_dll_demo\mfc_dll_demo\video_thread.h(44): warning C4251: “videoThread::capture”: class“cv::VideoCapture”需要有 dll 接口由 class“videoThread”的客户端使用
                 d:\app\opencv-2.4.13.7\build\install\include\opencv2\highgui\highgui.hpp(205) : 参见“cv::VideoCapture”的声明
     1>d:\a_vs_workspace\mfc_dll_demo\mfc_dll_demo\video_thread.h(45): warning C4251: “videoThread::frame”: class“cv::Mat”需要有 dll 接口由 class“videoThread”的客户端使用
                 d:\app\opencv-2.4.13.7\build\install\include\opencv2\core\core.hpp(1713) : 参见“cv::Mat”的声明
     1>d:\a_vs_workspace\mfc_dll_demo\mfc_dll_demo\video_thread.h(46): warning C4251: “videoThread::outputFrame”: class“cv::Mat”需要有 dll 接口由 class“videoThread”的客户端使用
                 d:\app\opencv-2.4.13.7\build\install\include\opencv2\core\core.hpp(1713) : 参见“cv::Mat”的声明
     1>d:\a_vs_workspace\mfc_dll_demo\mfc_dll_demo\mfc_dll_demo.cpp(91): warning C4996: 'localtime': This function or variable may be unsafe. Consider using localtime_s instead. To disable deprecation, use _CRT_SECURE_NO_WARNINGS. See online help for details.
                 d:\app\vs2010\vc\include\time.inl(112) : 参见“localtime”的声明
         正在生成代码...
       ResourceCompile:
         C:\Program Files (x86)\Microsoft SDKs\Windows\v7.0A\bin\rc.exe /D _DEBUG /D _UNICODE /D UNICODE /l"0x0804" /IDebug\ /nologo /fo"Debug\MFC_DLL_demo.res" MFC_DLL_demo.rc 
       ManifestResourceCompile:
         C:\Program Files (x86)\Microsoft SDKs\Windows\v7.0A\bin\rc.exe /nologo /fo"Debug\MFC_DLL_demo.dll.embed.manifest.res" Debug\MFC_DLL_demo_manifest.rc 
       Link:
         D:\App\VS2010\VC\bin\link.exe /ERRORREPORT:PROMPT /OUT:"D:\a_vs_workspace\test_DLL\Debug\MFC_DLL_demo.dll" /INCREMENTAL /NOLOGO /LIBPATH:"D:\App\opencv-2.4.13.7\build\install\x86\vc10\lib" opencv_calib3d2413d.lib opencv_contrib2413d.lib opencv_core2413d.lib opencv_features2d2413d.lib opencv_flann2413d.lib opencv_gpu2413d.lib opencv_highgui2413d.lib opencv_imgproc2413d.lib opencv_legacy2413d.lib opencv_ml2413d.lib opencv_nonfree2413d.lib opencv_objdetect2413d.lib opencv_ocl2413d.lib opencv_photo2413d.lib opencv_stitching2413d.lib opencv_superres2413d.lib opencv_ts2413d.lib opencv_video2413d.lib opencv_videostab2413d.lib /DEF:".\MFC_DLL_demo.def" /MANIFEST /ManifestFile:"Debug\MFC_DLL_demo.dll.intermediate.manifest" /MANIFESTUAC:"level='asInvoker' uiAccess='false'" /DEBUG /PDB:"D:\a_vs_workspace\test_DLL\Debug\MFC_DLL_demo.pdb" /SUBSYSTEM:WINDOWS /TLBID:1 /DYNAMICBASE /NXCOMPAT /IMPLIB:"D:\a_vs_workspace\test_DLL\Debug\MFC_DLL_demo.lib" /MACHINE:X86 /DLL Debug\MFC_DLL_demo.res
         Debug\MFC_DLL_demo.dll.embed.manifest.res
         Debug\MFC_DLL_demo.obj
         Debug\stdafx.obj
         Debug\Video_thread.obj
            正在创建库 D:\a_vs_workspace\test_DLL\Debug\MFC_DLL_demo.lib 和对象 D:\a_vs_workspace\test_DLL\Debug\MFC_DLL_demo.exp
       Manifest:
         正在删除文件“Debug\MFC_DLL_demo.dll.embed.manifest”。
         C:\Program Files (x86)\Microsoft SDKs\Windows\v7.0A\bin\mt.exe /nologo /verbose /out:"Debug\MFC_DLL_demo.dll.embed.manifest" /manifest Debug\MFC_DLL_demo.dll.intermediate.manifest D:\App\VS2010\VC\Include\Manifest\dpiaware.manifest
         C:\Program Files (x86)\Microsoft SDKs\Windows\v7.0A\bin\rc.exe /nologo /fo"Debug\MFC_DLL_demo.dll.embed.manifest.res" Debug\MFC_DLL_demo_manifest.rc 
       LinkEmbedManifest:
         D:\App\VS2010\VC\bin\link.exe /ERRORREPORT:PROMPT /OUT:"D:\a_vs_workspace\test_DLL\Debug\MFC_DLL_demo.dll" /INCREMENTAL /NOLOGO /LIBPATH:"D:\App\opencv-2.4.13.7\build\install\x86\vc10\lib" opencv_calib3d2413d.lib opencv_contrib2413d.lib opencv_core2413d.lib opencv_features2d2413d.lib opencv_flann2413d.lib opencv_gpu2413d.lib opencv_highgui2413d.lib opencv_imgproc2413d.lib opencv_legacy2413d.lib opencv_ml2413d.lib opencv_nonfree2413d.lib opencv_objdetect2413d.lib opencv_ocl2413d.lib opencv_photo2413d.lib opencv_stitching2413d.lib opencv_superres2413d.lib opencv_ts2413d.lib opencv_video2413d.lib opencv_videostab2413d.lib /DEF:".\MFC_DLL_demo.def" /MANIFEST /ManifestFile:"Debug\MFC_DLL_demo.dll.intermediate.manifest" /MANIFESTUAC:"level='asInvoker' uiAccess='false'" /DEBUG /PDB:"D:\a_vs_workspace\test_DLL\Debug\MFC_DLL_demo.pdb" /SUBSYSTEM:WINDOWS /TLBID:1 /DYNAMICBASE /NXCOMPAT /IMPLIB:"D:\a_vs_workspace\test_DLL\Debug\MFC_DLL_demo.lib" /MACHINE:X86 /DLL Debug\MFC_DLL_demo.res
         Debug\MFC_DLL_demo.dll.embed.manifest.res
         Debug\MFC_DLL_demo.obj
         Debug\stdafx.obj
         Debug\Video_thread.obj
         MFC_DLL_demo.vcxproj -> D:\a_vs_workspace\test_DLL\Debug\MFC_DLL_demo.dll
       FinalizeBuildStatus:
         正在删除文件“Debug\MFC_DLL_demo.unsuccessfulbuild”。
         正在对“Debug\MFC_DLL_demo.lastbuildstate”执行 Touch 任务。
     1>已完成生成项目“D:\a_vs_workspace\MFC_DLL_demo\MFC_DLL_demo\MFC_DLL_demo.vcxproj”(rebuild 个目标)的操作。

生成成功。

已用时间 00:00:04.91
