D:\a_vs_workspace\MFC_DLL_demo\MFC_DLL_demo\Debug\cl.command.1.tlog
D:\a_vs_workspace\MFC_DLL_demo\MFC_DLL_demo\Debug\CL.read.1.tlog
D:\a_vs_workspace\MFC_DLL_demo\MFC_DLL_demo\Debug\CL.write.1.tlog
D:\a_vs_workspace\MFC_DLL_demo\MFC_DLL_demo\Debug\link.command.1.tlog
D:\a_vs_workspace\MFC_DLL_demo\MFC_DLL_demo\Debug\link.read.1.tlog
D:\a_vs_workspace\MFC_DLL_demo\MFC_DLL_demo\Debug\link.write.1.tlog
D:\a_vs_workspace\MFC_DLL_demo\MFC_DLL_demo\Debug\link-cvtres.read.1.tlog
D:\a_vs_workspace\MFC_DLL_demo\MFC_DLL_demo\Debug\link-cvtres.write.1.tlog
D:\A_VS_WORKSPACE\MFC_DLL_DEMO\MFC_DLL_DEMO\DEBUG\MFC_DLL_DEMO.DLL.EMBED.MANIFEST
D:\A_VS_WORKSPACE\MFC_DLL_DEMO\MFC_DLL_DEMO\DEBUG\MFC_DLL_DEMO.DLL.EMBED.MANIFEST.RES
D:\A_VS_WORKSPACE\MFC_DLL_DEMO\MFC_DLL_DEMO\DEBUG\MFC_DLL_DEMO.DLL.INTERMEDIATE.MANIFEST
D:\A_VS_WORKSPACE\MFC_DLL_DEMO\MFC_DLL_DEMO\DEBUG\MFC_DLL_DEMO.OBJ
D:\A_VS_WORKSPACE\MFC_DLL_DEMO\MFC_DLL_DEMO\DEBUG\MFC_DLL_DEMO.PCH
D:\A_VS_WORKSPACE\MFC_DLL_DEMO\MFC_DLL_DEMO\DEBUG\MFC_DLL_DEMO.RES
D:\a_vs_workspace\MFC_DLL_demo\MFC_DLL_demo\Debug\MFC_DLL_demo.vcxprojResolveAssemblyReference.cache
D:\a_vs_workspace\MFC_DLL_demo\MFC_DLL_demo\Debug\MFC_DLL_demo.write.1.tlog
D:\a_vs_workspace\MFC_DLL_demo\MFC_DLL_demo\Debug\MFC_DLL_demo_manifest.rc
D:\a_vs_workspace\MFC_DLL_demo\MFC_DLL_demo\Debug\mt.command.1.tlog
D:\a_vs_workspace\MFC_DLL_demo\MFC_DLL_demo\Debug\mt.read.1.tlog
D:\a_vs_workspace\MFC_DLL_demo\MFC_DLL_demo\Debug\mt.write.1.tlog
D:\a_vs_workspace\MFC_DLL_demo\MFC_DLL_demo\Debug\rc.command.1.tlog
D:\a_vs_workspace\MFC_DLL_demo\MFC_DLL_demo\Debug\rc.read.1.tlog
D:\a_vs_workspace\MFC_DLL_demo\MFC_DLL_demo\Debug\rc.write.1.tlog
D:\A_VS_WORKSPACE\MFC_DLL_DEMO\MFC_DLL_DEMO\DEBUG\STDAFX.OBJ
D:\a_vs_workspace\MFC_DLL_demo\MFC_DLL_demo\Debug\vc100.idb
D:\A_VS_WORKSPACE\MFC_DLL_DEMO\MFC_DLL_DEMO\DEBUG\VC100.PDB
D:\A_VS_WORKSPACE\MFC_DLL_DEMO\MFC_DLL_DEMO\DEBUG\VIDEO_THREAD.OBJ
D:\A_VS_WORKSPACE\TEST_DLL\DEBUG\MFC_DLL_DEMO.DLL
D:\a_vs_workspace\test_DLL\Debug\MFC_DLL_demo.exp
D:\A_VS_WORKSPACE\TEST_DLL\DEBUG\MFC_DLL_DEMO.ILK
D:\a_vs_workspace\test_DLL\Debug\MFC_DLL_demo.lib
D:\A_VS_WORKSPACE\TEST_DLL\DEBUG\MFC_DLL_DEMO.PDB
