D:\a_vs_workspace\MFC_DLL_demo\MFC_DLL_demo\Release\cl.command.1.tlog
D:\a_vs_workspace\MFC_DLL_demo\MFC_DLL_demo\Release\CL.read.1.tlog
D:\a_vs_workspace\MFC_DLL_demo\MFC_DLL_demo\Release\CL.write.1.tlog
D:\a_vs_workspace\MFC_DLL_demo\MFC_DLL_demo\Release\link.command.1.tlog
D:\a_vs_workspace\MFC_DLL_demo\MFC_DLL_demo\Release\link.read.1.tlog
D:\a_vs_workspace\MFC_DLL_demo\MFC_DLL_demo\Release\link.write.1.tlog
D:\a_vs_workspace\MFC_DLL_demo\MFC_DLL_demo\Release\link-cvtres.read.1.tlog
D:\a_vs_workspace\MFC_DLL_demo\MFC_DLL_demo\Release\link-cvtres.write.1.tlog
D:\A_VS_WORKSPACE\MFC_DLL_DEMO\MFC_DLL_DEMO\RELEASE\MFC_DLL_DEMO.DLL.INTERMEDIATE.MANIFEST
D:\A_VS_WORKSPACE\MFC_DLL_DEMO\MFC_DLL_DEMO\RELEASE\MFC_DLL_DEMO.OBJ
D:\A_VS_WORKSPACE\MFC_DLL_DEMO\MFC_DLL_DEMO\RELEASE\MFC_DLL_DEMO.PCH
D:\A_VS_WORKSPACE\MFC_DLL_DEMO\MFC_DLL_DEMO\RELEASE\MFC_DLL_DEMO.RES
D:\a_vs_workspace\MFC_DLL_demo\MFC_DLL_demo\Release\MFC_DLL_demo.write.1.tlog
D:\a_vs_workspace\MFC_DLL_demo\MFC_DLL_demo\Release\mt.command.1.tlog
D:\a_vs_workspace\MFC_DLL_demo\MFC_DLL_demo\Release\mt.read.1.tlog
D:\a_vs_workspace\MFC_DLL_demo\MFC_DLL_demo\Release\mt.write.1.tlog
D:\a_vs_workspace\MFC_DLL_demo\MFC_DLL_demo\Release\rc.command.1.tlog
D:\a_vs_workspace\MFC_DLL_demo\MFC_DLL_demo\Release\rc.read.1.tlog
D:\a_vs_workspace\MFC_DLL_demo\MFC_DLL_demo\Release\rc.write.1.tlog
D:\A_VS_WORKSPACE\MFC_DLL_DEMO\MFC_DLL_DEMO\RELEASE\STDAFX.OBJ
D:\A_VS_WORKSPACE\MFC_DLL_DEMO\MFC_DLL_DEMO\RELEASE\VC100.PDB
D:\A_VS_WORKSPACE\MFC_DLL_DEMO\MFC_DLL_DEMO\RELEASE\VIDEO_THREAD.OBJ
D:\A_VS_WORKSPACE\TEST_DLL\RELEASE\MFC_DLL_DEMO.DLL
D:\a_vs_workspace\test_DLL\Release\MFC_DLL_demo.exp
D:\a_vs_workspace\test_DLL\Release\MFC_DLL_demo.lib
D:\A_VS_WORKSPACE\TEST_DLL\RELEASE\MFC_DLL_DEMO.PDB
